<?xml version="1.0" encoding="UTF-8"?>
<testsuite xmlns:xsi="http://www.w3.org/2001/XMLSchema-instance" xsi:noNamespaceSchemaLocation="https://maven.apache.org/surefire/maven-surefire-plugin/xsd/surefire-test-report-3.0.xsd" version="3.0" name="com.example.hello.HelloApplicationTests" time="3.421" tests="1" errors="0" skipped="0" failures="0">
  <properties>
[...]
</properties>
  <testcase name="contextLoads" classname="com.example.hello.HelloApplicationTests" time="1.12">
    <system-out><![CDATA[11:09:10.477 [main] INFO org.springframework.test.context.support.AnnotationConfigContextLoaderUtils -- Could not detect default configuration classes for test class [com.example.hello.HelloApplicationTests]: HelloApplicationTests does not declare any static, non-private, non-final, nested classes annotated with @Configuration.
11:09:10.606 [main] INFO org.springframework.boot.test.context.SpringBootTestContextBootstrapper -- Found @SpringBootConfiguration com.example.hello.HelloApplication for test class com.example.hello.HelloApplicationTests

  .   ____          _            __ _ _
 /\\ / ___'_ __ _ _(_)_ __  __ _ \ \ \ \
( ( )\___ | '_ | '_| | '_ \/ _` | \ \ \ \
 \\/  ___)| |_)| | | | | || (_| |  ) ) ) )
  '  |____| .__|_| |_|_| |_\__, | / / / /
 =========|_|==============|___/=/_/_/_/
 :: Spring Boot ::                (v3.1.4)

2023-10-08T11:09:11.163+07:00  INFO 9468 --- [           main] c.example.hello.HelloApplicationTests    : Starting HelloApplicationTests using Java 20.0.2 with PID 9468 (started by LNV in E:\javaweb\hello)
2023-10-08T11:09:11.165+07:00  INFO 9468 --- [           main] c.example.hello.HelloApplicationTests    : No active profile set, falling back to 1 default profile: "default"
2023-10-08T11:09:12.283+07:00  INFO 9468 --- [           main] o.s.b.a.w.s.WelcomePageHandlerMapping    : Adding welcome page template: index
2023-10-08T11:09:12.470+07:00  INFO 9468 --- [           main] c.example.hello.HelloApplicationTests    : Started HelloApplicationTests in 1.641 seconds (process running for 3.188)
]]></system-out>
  </testcase>
</testsuite>